{
  "stats": {
    "suites": 1,
    "tests": 3,
    "passes": 3,
    "pending": 0,
    "failures": 0,
    "start": "2025-08-14T15:22:50.345Z",
    "end": "2025-08-14T15:22:54.403Z",
    "duration": 4058,
    "testsRegistered": 3,
    "passPercent": 100,
    "pendingPercent": 0,
    "other": 0,
    "hasOther": false,
    "skipped": 0,
    "hasSkipped": false
  },
  "results": [
    {
      "uuid": "4b321e54-9354-41a7-b2c2-5caa52c3e514",
      "title": "",
      "fullFile": "cypress\\e2e\\cypress.Playground.cy.ts",
      "file": "cypress\\e2e\\cypress.Playground.cy.ts",
      "beforeHooks": [],
      "afterHooks": [],
      "tests": [],
      "suites": [
        {
          "uuid": "168e17ca-f58c-4816-904f-05965520caa8",
          "title": "Basic Cypress Interactions - Part 2",
          "fullFile": "",
          "file": "",
          "beforeHooks": [],
          "afterHooks": [],
          "tests": [
            {
              "title": "Find elements by .get()",
              "fullTitle": "Basic Cypress Interactions - Part 2 Find elements by .get()",
              "timedOut": null,
              "duration": 814,
              "state": "passed",
              "speed": "fast",
              "pass": true,
              "fail": false,
              "pending": false,
              "context": null,
              "code": "cy.visit(\"https://example.cypress.io/commands/querying\");\ncy.get(\"#query-btn\").should(\"exist\").should(\"contain\", \"Button\").click();",
              "err": {},
              "uuid": "667b76dc-fefd-4f8c-bdb4-5e2972b2e6fd",
              "parentUUID": "168e17ca-f58c-4816-904f-05965520caa8",
              "isHook": false,
              "skipped": false
            },
            {
              "title": "Find elements by .contains()",
              "fullTitle": "Basic Cypress Interactions - Part 2 Find elements by .contains()",
              "timedOut": null,
              "duration": 350,
              "state": "passed",
              "speed": "fast",
              "pass": true,
              "fail": false,
              "pending": false,
              "context": null,
              "code": "cy.visit(\"https://example.cypress.io/commands/querying\");\ncy.get(\".query-list\").contains(\"apples\").should(\"have.class\", \"first\");\ncy.get(\".query-list\").contains(\"oranges\").should(\"have.class\", \"second\");\ncy.get(\".query-list\").contains(\"bananas\").should(\"have.class\", \"third\");\ncy.get(\".query-list\").contains(\"more apples\").should(\"have.class\", \"fourth\");\ncy.get(\".query-button\").contains(\"Save Form\").should(\"have.class\", \"btn\");",
              "err": {},
              "uuid": "34663bd0-053b-4267-84a3-26aa1c3d8f3c",
              "parentUUID": "168e17ca-f58c-4816-904f-05965520caa8",
              "isHook": false,
              "skipped": false
            },
            {
              "title": "Find elements by .within()",
              "fullTitle": "Basic Cypress Interactions - Part 2 Find elements by .within()",
              "timedOut": null,
              "duration": 366,
              "state": "passed",
              "speed": "fast",
              "pass": true,
              "fail": false,
              "pending": false,
              "context": null,
              "code": "cy.visit(\"https://example.cypress.io/commands/querying\");\ncy.get(\".query-form\").within(() => {\n  cy.get(\"input:first\").should(\"have.attr\", \"placeholder\", \"Email\");\n  cy.get(\"input:last\").should(\"have.attr\", \"placeholder\", \"Password\");\n});",
              "err": {},
              "uuid": "0a2039d1-05d7-4afa-8a0a-c6c35bf23550",
              "parentUUID": "168e17ca-f58c-4816-904f-05965520caa8",
              "isHook": false,
              "skipped": false
            }
          ],
          "suites": [],
          "passes": [
            "667b76dc-fefd-4f8c-bdb4-5e2972b2e6fd",
            "34663bd0-053b-4267-84a3-26aa1c3d8f3c",
            "0a2039d1-05d7-4afa-8a0a-c6c35bf23550"
          ],
          "failures": [],
          "pending": [],
          "skipped": [],
          "duration": 1530,
          "root": false,
          "rootEmpty": false,
          "_timeout": 2000
        }
      ],
      "passes": [],
      "failures": [],
      "pending": [],
      "skipped": [],
      "duration": 0,
      "root": true,
      "rootEmpty": true,
      "_timeout": 2000
    }
  ],
  "meta": {
    "mocha": {
      "version": "7.2.0"
    },
    "mochawesome": {
      "options": {
        "quiet": false,
        "reportFilename": "mochawesome",
        "saveHtml": false,
        "saveJson": true,
        "consoleReporter": "spec",
        "useInlineDiffs": false,
        "code": true
      },
      "version": "7.1.3"
    },
    "marge": {
      "options": {
        "reportDir": "cypress/results",
        "overwrite": false,
        "html": false,
        "json": true
      },
      "version": "6.2.0"
    }
  }
}