{
  "stats": {
    "suites": 1,
    "tests": 3,
    "passes": 3,
    "pending": 0,
    "failures": 0,
    "start": "2025-08-14T15:47:33.428Z",
    "end": "2025-08-14T15:47:37.522Z",
    "duration": 4094,
    "testsRegistered": 3,
    "passPercent": 100,
    "pendingPercent": 0,
    "other": 0,
    "hasOther": false,
    "skipped": 0,
    "hasSkipped": false
  },
  "results": [
    {
      "uuid": "d85e248e-dcfa-43f5-8379-497cf0e14b73",
      "title": "",
      "fullFile": "cypress\\e2e\\cypress.Playground.cy.ts",
      "file": "cypress\\e2e\\cypress.Playground.cy.ts",
      "beforeHooks": [],
      "afterHooks": [],
      "tests": [],
      "suites": [
        {
          "uuid": "927f65e6-2526-42c0-9915-9db27387734b",
          "title": "Basic Cypress Interactions - Part 2",
          "fullFile": "",
          "file": "",
          "beforeHooks": [],
          "afterHooks": [],
          "tests": [
            {
              "title": "Find elements by .get()",
              "fullTitle": "Basic Cypress Interactions - Part 2 Find elements by .get()",
              "timedOut": null,
              "duration": 884,
              "state": "passed",
              "speed": "fast",
              "pass": true,
              "fail": false,
              "pending": false,
              "context": null,
              "code": "cy.visit(\"https://example.cypress.io/commands/querying\");\ncy.get(\"#query-btn\").should(\"exist\").should(\"contain\", \"Button\").click();",
              "err": {},
              "uuid": "55f411f0-14bb-483b-b782-1cdcc2861073",
              "parentUUID": "927f65e6-2526-42c0-9915-9db27387734b",
              "isHook": false,
              "skipped": false
            },
            {
              "title": "Find elements by .contains()",
              "fullTitle": "Basic Cypress Interactions - Part 2 Find elements by .contains()",
              "timedOut": null,
              "duration": 420,
              "state": "passed",
              "speed": "fast",
              "pass": true,
              "fail": false,
              "pending": false,
              "context": null,
              "code": "cy.visit(\"https://example.cypress.io/commands/querying\");\ncy.get(\".query-list\").contains(\"apples\").should(\"have.class\", \"first\");\ncy.get(\".query-list\").contains(\"oranges\").should(\"have.class\", \"second\");\ncy.get(\".query-list\").contains(\"bananas\").should(\"have.class\", \"third\");\ncy.get(\".query-list\").contains(\"more apples\").should(\"have.class\", \"fourth\");\ncy.get(\".query-button\").contains(\"Save Form\").should(\"have.class\", \"btn\");",
              "err": {},
              "uuid": "9bc0da4e-bc05-4b0e-be75-6789dc513056",
              "parentUUID": "927f65e6-2526-42c0-9915-9db27387734b",
              "isHook": false,
              "skipped": false
            },
            {
              "title": "Find elements by .within()",
              "fullTitle": "Basic Cypress Interactions - Part 2 Find elements by .within()",
              "timedOut": null,
              "duration": 229,
              "state": "passed",
              "speed": "fast",
              "pass": true,
              "fail": false,
              "pending": false,
              "context": null,
              "code": "cy.visit(\"https://example.cypress.io/commands/querying\");\ncy.get(\".query-form\").within(() => {\n  cy.get(\"input:first\").should(\"have.attr\", \"placeholder\", \"Email\");\n  cy.get(\"input:last\").should(\"have.attr\", \"placeholder\", \"Password\");\n});",
              "err": {},
              "uuid": "939acee3-88c9-445f-8b41-ad4693017067",
              "parentUUID": "927f65e6-2526-42c0-9915-9db27387734b",
              "isHook": false,
              "skipped": false
            }
          ],
          "suites": [],
          "passes": [
            "55f411f0-14bb-483b-b782-1cdcc2861073",
            "9bc0da4e-bc05-4b0e-be75-6789dc513056",
            "939acee3-88c9-445f-8b41-ad4693017067"
          ],
          "failures": [],
          "pending": [],
          "skipped": [],
          "duration": 1533,
          "root": false,
          "rootEmpty": false,
          "_timeout": 2000
        }
      ],
      "passes": [],
      "failures": [],
      "pending": [],
      "skipped": [],
      "duration": 0,
      "root": true,
      "rootEmpty": true,
      "_timeout": 2000
    }
  ],
  "meta": {
    "mocha": {
      "version": "7.2.0"
    },
    "mochawesome": {
      "options": {
        "quiet": false,
        "reportFilename": "mochawesome",
        "saveHtml": false,
        "saveJson": true,
        "consoleReporter": "spec",
        "useInlineDiffs": false,
        "code": true
      },
      "version": "7.1.3"
    },
    "marge": {
      "options": {
        "reportDir": "cypress/results",
        "overwrite": false,
        "html": false,
        "json": true
      },
      "version": "6.2.0"
    }
  }
}