{
  "stats": {
    "suites": 1,
    "tests": 1,
    "passes": 0,
    "pending": 0,
    "failures": 1,
    "start": "2025-08-14T15:47:56.645Z",
    "end": "2025-08-14T15:47:58.407Z",
    "duration": 1762,
    "testsRegistered": 13,
    "passPercent": 0,
    "pendingPercent": 0,
    "other": 0,
    "hasOther": false,
    "skipped": 12,
    "hasSkipped": true
  },
  "results": [
    {
      "uuid": "fd7a4c2e-71af-44e4-acc0-6b8380bebe6f",
      "title": "",
      "fullFile": "cypress\\e2e\\component-showcase.cy.ts",
      "file": "cypress\\e2e\\component-showcase.cy.ts",
      "beforeHooks": [],
      "afterHooks": [],
      "tests": [],
      "suites": [
        {
          "uuid": "c2000318-0231-4889-9327-e729f39e4308",
          "title": "Component Showcase",
          "fullFile": "",
          "file": "",
          "beforeHooks": [],
          "afterHooks": [],
          "tests": [
            {
              "title": "demonstrates DataTable functionality",
              "fullTitle": "Component Showcase demonstrates DataTable functionality",
              "timedOut": null,
              "duration": 1699,
              "state": "failed",
              "speed": null,
              "pass": false,
              "fail": true,
              "pending": false,
              "context": null,
              "code": "cy.get('[data-cy=\"sort-name\"]').click();\ncy.get('[data-cy=\"cell-name\"]').first().should(\"contain\", \"Alice Brown\");\ncy.get('[data-cy=\"filter-role\"]').type(\"Admin\");\ncy.get('[data-cy=\"table-row\"]').should(\"have.length\", 2);\ncy.get('[data-cy=\"next-page\"]').click();\ncy.get('[data-cy=\"page-info\"]').should(\"contain\", \"Page 2 of 2\");",
              "err": {
                "message": "SyntaxError: The following error originated from your application code, not from Cypress.\n\n  > The requested module '/component/Toast.tsx' does not provide an export named 'default'\n\nWhen Cypress detects uncaught errors originating from your application it will automatically fail the current test.\n\nThis behavior is configurable, and you can choose to turn this off by listening to the `uncaught:exception` event.\n\nhttps://on.cypress.io/uncaught-exception-from-application\n\nBecause this error occurred during a `before each` hook we are skipping the remaining tests in the current suite: `Component Showcase`",
                "estack": "SyntaxError: The following error originated from your application code, not from Cypress.\n\n  > The requested module '/component/Toast.tsx' does not provide an export named 'default'\n\nWhen Cypress detects uncaught errors originating from your application it will automatically fail the current test.\n\nThis behavior is configurable, and you can choose to turn this off by listening to the `uncaught:exception` event.\n\nhttps://on.cypress.io/uncaught-exception-from-application\n\nBecause this error occurred during a `before each` hook we are skipping the remaining tests in the current suite: `Component Showcase`",
                "diff": null
              },
              "uuid": "c65763eb-92a6-4126-a95e-ce887c66f92c",
              "parentUUID": "c2000318-0231-4889-9327-e729f39e4308",
              "isHook": false,
              "skipped": false
            },
            {
              "title": "demonstrates MultiStepForm workflow",
              "fullTitle": "Component Showcase demonstrates MultiStepForm workflow",
              "timedOut": null,
              "duration": 0,
              "state": "skipped",
              "speed": null,
              "pass": false,
              "fail": false,
              "pending": false,
              "context": null,
              "code": "cy.get('[data-cy=\"step1-input\"]').type(\"Personal Information\");\ncy.get('[data-cy=\"step1-next\"]').click();\ncy.get('[data-cy=\"step-title\"]').should(\"contain\", \"Step 2\");\ncy.get('[data-cy=\"step2-input\"]').type(\"Contact Details\");\ncy.get('[data-cy=\"step2-next\"]').click();\ncy.get('[data-cy=\"step-title\"]').should(\"contain\", \"Step 3\");\ncy.get('[data-cy=\"step3-input\"]').type(\"Final Step\");\ncy.get('[data-cy=\"next-button\"]').click();\ncy.get('[data-cy=\"multi-step-form\"]').should(\"not.exist\");",
              "err": {},
              "uuid": "86347aa4-d2cb-4bbb-9cdd-990eb9734887",
              "parentUUID": "c2000318-0231-4889-9327-e729f39e4308",
              "isHook": false,
              "skipped": true
            },
            {
              "title": "demonstrates FileUpload functionality",
              "fullTitle": "Component Showcase demonstrates FileUpload functionality",
              "timedOut": null,
              "duration": 0,
              "state": "skipped",
              "speed": null,
              "pass": false,
              "fail": false,
              "pending": false,
              "context": null,
              "code": "cy.get('[data-cy=\"file-input\"]').selectFile(\"cypress/fixtures/example.json\");\ncy.get('[data-cy=\"file-item\"]').should(\"be.visible\");\ncy.get('[data-cy=\"file-name\"]').should(\"contain\", \"example.json\");\ncy.get('[data-cy=\"remove-file\"]').click();\ncy.get('[data-cy=\"file-item\"]').should(\"not.exist\");",
              "err": {},
              "uuid": "049dc589-ebcd-4e10-beb7-a557003bf12b",
              "parentUUID": "c2000318-0231-4889-9327-e729f39e4308",
              "isHook": false,
              "skipped": true
            },
            {
              "title": "demonstrates Modal functionality",
              "fullTitle": "Component Showcase demonstrates Modal functionality",
              "timedOut": null,
              "duration": 0,
              "state": "skipped",
              "speed": null,
              "pass": false,
              "fail": false,
              "pending": false,
              "context": null,
              "code": "cy.get('[data-cy=\"open-modal\"]').click();\ncy.get('[data-cy=\"modal-backdrop\"]').should(\"be.visible\");\ncy.get('[data-cy=\"modal-content\"]').should(\"be.visible\");\ncy.get('[data-cy=\"modal-close\"]').click();\ncy.get('[data-cy=\"modal-backdrop\"]').should(\"not.exist\");",
              "err": {},
              "uuid": "9402dce9-6fe3-4306-8d41-dc95b1e27e7d",
              "parentUUID": "c2000318-0231-4889-9327-e729f39e4308",
              "isHook": false,
              "skipped": true
            },
            {
              "title": "demonstrates Tabs functionality",
              "fullTitle": "Component Showcase demonstrates Tabs functionality",
              "timedOut": null,
              "duration": 0,
              "state": "skipped",
              "speed": null,
              "pass": false,
              "fail": false,
              "pending": false,
              "context": null,
              "code": "cy.get('[data-cy=\"tab-tab2\"]').click();\ncy.get('[data-cy=\"tab-tab2\"]').should(\"have.attr\", \"aria-selected\", \"true\");\ncy.get('[data-cy=\"tab-panel\"]').should(\"contain\", \"Content for tab 2\");\ncy.get('[data-cy=\"tab-tab1\"]').focus();\ncy.get('[data-cy=\"tab-tab1\"]').type(\"{rightarrow}\");\ncy.get('[data-cy=\"tab-tab2\"]').should(\"be.focused\");",
              "err": {},
              "uuid": "bd47a1de-7e7f-4ef7-9f0c-e7bc768f020a",
              "parentUUID": "c2000318-0231-4889-9327-e729f39e4308",
              "isHook": false,
              "skipped": true
            },
            {
              "title": "demonstrates Toast notifications",
              "fullTitle": "Component Showcase demonstrates Toast notifications",
              "timedOut": null,
              "duration": 0,
              "state": "skipped",
              "speed": null,
              "pass": false,
              "fail": false,
              "pending": false,
              "context": null,
              "code": "cy.get('[data-cy=\"show-success\"]').click();\ncy.get('[data-cy=\"toast\"]').should(\"contain\", \"Success message\");\ncy.get('[data-cy=\"show-error\"]').click();\ncy.get('[data-cy=\"toast\"]').should(\"have.length\", 2);\ncy.get('[data-cy=\"toast-close\"]').first().click();\ncy.get('[data-cy=\"toast\"]').should(\"have.length\", 1);",
              "err": {},
              "uuid": "e28a7d09-7d2e-4751-994a-3e3f16734662",
              "parentUUID": "c2000318-0231-4889-9327-e729f39e4308",
              "isHook": false,
              "skipped": true
            },
            {
              "title": "demonstrates Slider functionality",
              "fullTitle": "Component Showcase demonstrates Slider functionality",
              "timedOut": null,
              "duration": 0,
              "state": "skipped",
              "speed": null,
              "pass": false,
              "fail": false,
              "pending": false,
              "context": null,
              "code": "cy.get('[data-cy=\"slider-track\"]').click(\"right\");\ncy.get('[data-cy=\"slider-value\"]').should(\"not.contain\", \"0\");\ncy.get('[data-cy=\"slider-track\"]').focus();\ncy.get('[data-cy=\"slider-track\"]').type(\"{rightarrow}\");\ncy.get('[data-cy=\"slider-value\"]').should(\"not.contain\", \"0\");",
              "err": {},
              "uuid": "d462c3fa-ca2b-4b49-8097-0b25343572ad",
              "parentUUID": "c2000318-0231-4889-9327-e729f39e4308",
              "isHook": false,
              "skipped": true
            },
            {
              "title": "demonstrates Rating functionality",
              "fullTitle": "Component Showcase demonstrates Rating functionality",
              "timedOut": null,
              "duration": 0,
              "state": "skipped",
              "speed": null,
              "pass": false,
              "fail": false,
              "pending": false,
              "context": null,
              "code": "cy.get('[data-cy=\"rating-star-3\"]').click();\ncy.get('[data-cy=\"rating-value\"]').should(\"contain\", \"4/5\");\ncy.get('[data-cy=\"rating-star-2\"]').trigger(\"mouseenter\");\ncy.get('[data-cy=\"rating-value\"]').should(\"contain\", \"3/5\");",
              "err": {},
              "uuid": "02f218e7-4e95-4879-8bcb-fdf3fe717e80",
              "parentUUID": "c2000318-0231-4889-9327-e729f39e4308",
              "isHook": false,
              "skipped": true
            },
            {
              "title": "demonstrates component integration",
              "fullTitle": "Component Showcase demonstrates component integration",
              "timedOut": null,
              "duration": 0,
              "state": "skipped",
              "speed": null,
              "pass": false,
              "fail": false,
              "pending": false,
              "context": null,
              "code": "cy.get('[data-cy=\"table-row\"]').first().click();\ncy.get('[data-cy=\"open-modal\"]').click();\ncy.get('[data-cy=\"modal-content\"]').should(\"be.visible\");\ncy.get('[data-cy=\"show-success\"]').click();\ncy.get('[data-cy=\"toast\"]').should(\"be.visible\");\ncy.get('[data-cy=\"modal-close\"]').click();\ncy.get('[data-cy=\"modal-backdrop\"]').should(\"not.exist\");",
              "err": {},
              "uuid": "4a20eea8-2a03-4ef3-b898-a22fb897f7c8",
              "parentUUID": "c2000318-0231-4889-9327-e729f39e4308",
              "isHook": false,
              "skipped": true
            },
            {
              "title": "demonstrates accessibility features",
              "fullTitle": "Component Showcase demonstrates accessibility features",
              "timedOut": null,
              "duration": 0,
              "state": "skipped",
              "speed": null,
              "pass": false,
              "fail": false,
              "pending": false,
              "context": null,
              "code": "cy.get('[data-cy=\"tab-tab1\"]').focus();\ncy.get('[data-cy=\"tab-tab1\"]').type(\"{rightarrow}\");\ncy.get('[data-cy=\"tab-tab2\"]').should(\"be.focused\");\ncy.get('[data-cy=\"tab-tab1\"]').should(\"have.attr\", \"aria-selected\", \"true\");\ncy.get('[data-cy=\"modal-backdrop\"]').should(\"have.attr\", \"aria-modal\", \"true\");\ncy.get('[data-cy=\"slider-track\"]').should(\"have.attr\", \"role\", \"slider\");\ncy.get('[data-cy=\"slider-track\"]').should(\"have.attr\", \"aria-valuemin\");",
              "err": {},
              "uuid": "d55f1550-01f7-41c3-9e37-b607898c1ef1",
              "parentUUID": "c2000318-0231-4889-9327-e729f39e4308",
              "isHook": false,
              "skipped": true
            },
            {
              "title": "demonstrates responsive behavior",
              "fullTitle": "Component Showcase demonstrates responsive behavior",
              "timedOut": null,
              "duration": 0,
              "state": "skipped",
              "speed": null,
              "pass": false,
              "fail": false,
              "pending": false,
              "context": null,
              "code": "cy.viewport(375, 667);\ncy.get('[data-cy=\"data-table\"]').should(\"be.visible\");\ncy.get('[data-cy=\"tabs\"]').should(\"be.visible\");\ncy.viewport(768, 1024);\ncy.get('[data-cy=\"multi-step-form\"]').should(\"be.visible\");\ncy.viewport(1920, 1080);\ncy.get('[data-cy=\"file-upload\"]').should(\"be.visible\");",
              "err": {},
              "uuid": "419fb9a9-07a2-4ade-807a-41605cdcc613",
              "parentUUID": "c2000318-0231-4889-9327-e729f39e4308",
              "isHook": false,
              "skipped": true
            },
            {
              "title": "demonstrates error handling",
              "fullTitle": "Component Showcase demonstrates error handling",
              "timedOut": null,
              "duration": 0,
              "state": "skipped",
              "speed": null,
              "pass": false,
              "fail": false,
              "pending": false,
              "context": null,
              "code": "cy.get('[data-cy=\"file-input\"]').selectFile(\"cypress/fixtures/large-file.json\");\ncy.get('[data-cy=\"toast\"]').should(\"contain\", \"too large\");\ncy.get('[data-cy=\"step1-next\"]').click();\ncy.get('[data-cy=\"step-error\"]').should(\"contain\", \"Please complete all required fields\");",
              "err": {},
              "uuid": "bf9051e5-0d59-4e22-8361-ff5112eeef95",
              "parentUUID": "c2000318-0231-4889-9327-e729f39e4308",
              "isHook": false,
              "skipped": true
            },
            {
              "title": "demonstrates performance under load",
              "fullTitle": "Component Showcase demonstrates performance under load",
              "timedOut": null,
              "duration": 0,
              "state": "skipped",
              "speed": null,
              "pass": false,
              "fail": false,
              "pending": false,
              "context": null,
              "code": "cy.get('[data-cy=\"data-table\"]').should(\"be.visible\");\ncy.get('[data-cy=\"table-row\"]').should(\"have.length.at.least\", 1);\nfor (let i = 0; i < 5; i++) {\n  cy.get('[data-cy=\"show-info\"]').click();\n}\ncy.get('[data-cy=\"toast\"]').should(\"have.length\", 5);",
              "err": {},
              "uuid": "c808ad10-b2e9-4bf0-b6ba-83bceb64a558",
              "parentUUID": "c2000318-0231-4889-9327-e729f39e4308",
              "isHook": false,
              "skipped": true
            }
          ],
          "suites": [],
          "passes": [],
          "failures": [
            "c65763eb-92a6-4126-a95e-ce887c66f92c"
          ],
          "pending": [],
          "skipped": [
            "86347aa4-d2cb-4bbb-9cdd-990eb9734887",
            "049dc589-ebcd-4e10-beb7-a557003bf12b",
            "9402dce9-6fe3-4306-8d41-dc95b1e27e7d",
            "bd47a1de-7e7f-4ef7-9f0c-e7bc768f020a",
            "e28a7d09-7d2e-4751-994a-3e3f16734662",
            "d462c3fa-ca2b-4b49-8097-0b25343572ad",
            "02f218e7-4e95-4879-8bcb-fdf3fe717e80",
            "4a20eea8-2a03-4ef3-b898-a22fb897f7c8",
            "d55f1550-01f7-41c3-9e37-b607898c1ef1",
            "419fb9a9-07a2-4ade-807a-41605cdcc613",
            "bf9051e5-0d59-4e22-8361-ff5112eeef95",
            "c808ad10-b2e9-4bf0-b6ba-83bceb64a558"
          ],
          "duration": 1699,
          "root": false,
          "rootEmpty": false,
          "_timeout": 2000
        }
      ],
      "passes": [],
      "failures": [],
      "pending": [],
      "skipped": [],
      "duration": 0,
      "root": true,
      "rootEmpty": true,
      "_timeout": 2000
    }
  ],
  "meta": {
    "mocha": {
      "version": "7.2.0"
    },
    "mochawesome": {
      "options": {
        "quiet": false,
        "reportFilename": "mochawesome",
        "saveHtml": false,
        "saveJson": true,
        "consoleReporter": "spec",
        "useInlineDiffs": false,
        "code": true
      },
      "version": "7.1.3"
    },
    "marge": {
      "options": {
        "reportDir": "cypress/results",
        "overwrite": false,
        "html": false,
        "json": true
      },
      "version": "6.2.0"
    }
  }
}