{
  "stats": {
    "suites": 1,
    "tests": 1,
    "passes": 0,
    "pending": 0,
    "failures": 1,
    "start": "2025-08-14T15:22:47.740Z",
    "end": "2025-08-14T15:22:48.290Z",
    "duration": 550,
    "testsRegistered": 13,
    "passPercent": 0,
    "pendingPercent": 0,
    "other": 0,
    "hasOther": false,
    "skipped": 12,
    "hasSkipped": true
  },
  "results": [
    {
      "uuid": "be0f8fc3-4866-4644-a62a-a0a5dd281d41",
      "title": "",
      "fullFile": "cypress\\e2e\\component-showcase.cy.ts",
      "file": "cypress\\e2e\\component-showcase.cy.ts",
      "beforeHooks": [],
      "afterHooks": [],
      "tests": [],
      "suites": [
        {
          "uuid": "094ee28d-e740-4b78-9dbb-cb260f5c15b1",
          "title": "Component Showcase",
          "fullFile": "",
          "file": "",
          "beforeHooks": [],
          "afterHooks": [],
          "tests": [
            {
              "title": "demonstrates DataTable functionality",
              "fullTitle": "Component Showcase demonstrates DataTable functionality",
              "timedOut": null,
              "duration": 476,
              "state": "failed",
              "speed": null,
              "pass": false,
              "fail": true,
              "pending": false,
              "context": null,
              "code": "cy.get('[data-cy=\"sort-name\"]').click();\ncy.get('[data-cy=\"cell-name\"]').first().should(\"contain\", \"Alice Brown\");\ncy.get('[data-cy=\"filter-role\"]').type(\"Admin\");\ncy.get('[data-cy=\"table-row\"]').should(\"have.length\", 2);\ncy.get('[data-cy=\"next-page\"]').click();\ncy.get('[data-cy=\"page-info\"]').should(\"contain\", \"Page 2 of 2\");",
              "err": {
                "message": "CypressError: `cy.visit()` failed trying to load:\n\n/\n\nWe failed looking for this file at the path:\n\n/Users/Jorda/Documents/QA-Toolkit/\n\nThe internal Cypress web server responded with:\n\n  > 404: Not Found\n\nBecause this error occurred during a `before each` hook we are skipping the remaining tests in the current suite: `Component Showcase`",
                "estack": "CypressError: `cy.visit()` failed trying to load:\n\n/\n\nWe failed looking for this file at the path:\n\n/Users/Jorda/Documents/QA-Toolkit/\n\nThe internal Cypress web server responded with:\n\n  > 404: Not Found\n\nBecause this error occurred during a `before each` hook we are skipping the remaining tests in the current suite: `Component Showcase`\n    at <unknown> (http://localhost:50999/__cypress/runner/cypress_runner.js:135043:76)\n    at visitFailedByErr (http://localhost:50999/__cypress/runner/cypress_runner.js:134449:12)\n    at <unknown> (http://localhost:50999/__cypress/runner/cypress_runner.js:135026:13)\n    at tryCatcher (http://localhost:50999/__cypress/runner/cypress_runner.js:1777:23)\n    at Promise._settlePromiseFromHandler (http://localhost:50999/__cypress/runner/cypress_runner.js:1489:31)\n    at Promise._settlePromise (http://localhost:50999/__cypress/runner/cypress_runner.js:1546:18)\n    at Promise._settlePromise0 (http://localhost:50999/__cypress/runner/cypress_runner.js:1591:10)\n    at Promise._settlePromises (http://localhost:50999/__cypress/runner/cypress_runner.js:1667:18)\n    at _drainQueueStep (http://localhost:50999/__cypress/runner/cypress_runner.js:2377:12)\n    at _drainQueue (http://localhost:50999/__cypress/runner/cypress_runner.js:2370:9)\n    at Async._drainQueues (http://localhost:50999/__cypress/runner/cypress_runner.js:2386:5)\n    at Async.drainQueues (http://localhost:50999/__cypress/runner/cypress_runner.js:2256:14)\nFrom Your Spec Code:\n    at Context.eval (http://localhost:50999/__cypress/tests?p=cypress\\e2e\\component-showcase.cy.ts:6:10)",
                "diff": null
              },
              "uuid": "81c6ff79-dc72-4f4c-92f6-eac7c1c14983",
              "parentUUID": "094ee28d-e740-4b78-9dbb-cb260f5c15b1",
              "isHook": false,
              "skipped": false
            },
            {
              "title": "demonstrates MultiStepForm workflow",
              "fullTitle": "Component Showcase demonstrates MultiStepForm workflow",
              "timedOut": null,
              "duration": 0,
              "state": "skipped",
              "speed": null,
              "pass": false,
              "fail": false,
              "pending": false,
              "context": null,
              "code": "cy.get('[data-cy=\"step1-input\"]').type(\"Personal Information\");\ncy.get('[data-cy=\"step1-next\"]').click();\ncy.get('[data-cy=\"step-title\"]').should(\"contain\", \"Step 2\");\ncy.get('[data-cy=\"step2-input\"]').type(\"Contact Details\");\ncy.get('[data-cy=\"step2-next\"]').click();\ncy.get('[data-cy=\"step-title\"]').should(\"contain\", \"Step 3\");\ncy.get('[data-cy=\"step3-input\"]').type(\"Final Step\");\ncy.get('[data-cy=\"next-button\"]').click();\ncy.get('[data-cy=\"multi-step-form\"]').should(\"not.exist\");",
              "err": {},
              "uuid": "25db10b6-dc4d-4b93-8320-dfb7cb9ec43f",
              "parentUUID": "094ee28d-e740-4b78-9dbb-cb260f5c15b1",
              "isHook": false,
              "skipped": true
            },
            {
              "title": "demonstrates FileUpload functionality",
              "fullTitle": "Component Showcase demonstrates FileUpload functionality",
              "timedOut": null,
              "duration": 0,
              "state": "skipped",
              "speed": null,
              "pass": false,
              "fail": false,
              "pending": false,
              "context": null,
              "code": "cy.get('[data-cy=\"file-input\"]').selectFile(\"cypress/fixtures/example.json\");\ncy.get('[data-cy=\"file-item\"]').should(\"be.visible\");\ncy.get('[data-cy=\"file-name\"]').should(\"contain\", \"example.json\");\ncy.get('[data-cy=\"remove-file\"]').click();\ncy.get('[data-cy=\"file-item\"]').should(\"not.exist\");",
              "err": {},
              "uuid": "e398a010-8694-4416-a1c4-c049476dd4cb",
              "parentUUID": "094ee28d-e740-4b78-9dbb-cb260f5c15b1",
              "isHook": false,
              "skipped": true
            },
            {
              "title": "demonstrates Modal functionality",
              "fullTitle": "Component Showcase demonstrates Modal functionality",
              "timedOut": null,
              "duration": 0,
              "state": "skipped",
              "speed": null,
              "pass": false,
              "fail": false,
              "pending": false,
              "context": null,
              "code": "cy.get('[data-cy=\"open-modal\"]').click();\ncy.get('[data-cy=\"modal-backdrop\"]').should(\"be.visible\");\ncy.get('[data-cy=\"modal-content\"]').should(\"be.visible\");\ncy.get('[data-cy=\"modal-close\"]').click();\ncy.get('[data-cy=\"modal-backdrop\"]').should(\"not.exist\");",
              "err": {},
              "uuid": "91f7c8a2-ac28-455e-a8f3-09914de4c3d9",
              "parentUUID": "094ee28d-e740-4b78-9dbb-cb260f5c15b1",
              "isHook": false,
              "skipped": true
            },
            {
              "title": "demonstrates Tabs functionality",
              "fullTitle": "Component Showcase demonstrates Tabs functionality",
              "timedOut": null,
              "duration": 0,
              "state": "skipped",
              "speed": null,
              "pass": false,
              "fail": false,
              "pending": false,
              "context": null,
              "code": "cy.get('[data-cy=\"tab-tab2\"]').click();\ncy.get('[data-cy=\"tab-tab2\"]').should(\"have.attr\", \"aria-selected\", \"true\");\ncy.get('[data-cy=\"tab-panel\"]').should(\"contain\", \"Content for tab 2\");\ncy.get('[data-cy=\"tab-tab1\"]').focus();\ncy.get('[data-cy=\"tab-tab1\"]').type(\"{rightarrow}\");\ncy.get('[data-cy=\"tab-tab2\"]').should(\"be.focused\");",
              "err": {},
              "uuid": "2ef3c07b-1083-4381-b128-fcb9f5b7b011",
              "parentUUID": "094ee28d-e740-4b78-9dbb-cb260f5c15b1",
              "isHook": false,
              "skipped": true
            },
            {
              "title": "demonstrates Toast notifications",
              "fullTitle": "Component Showcase demonstrates Toast notifications",
              "timedOut": null,
              "duration": 0,
              "state": "skipped",
              "speed": null,
              "pass": false,
              "fail": false,
              "pending": false,
              "context": null,
              "code": "cy.get('[data-cy=\"show-success\"]').click();\ncy.get('[data-cy=\"toast\"]').should(\"contain\", \"Success message\");\ncy.get('[data-cy=\"show-error\"]').click();\ncy.get('[data-cy=\"toast\"]').should(\"have.length\", 2);\ncy.get('[data-cy=\"toast-close\"]').first().click();\ncy.get('[data-cy=\"toast\"]').should(\"have.length\", 1);",
              "err": {},
              "uuid": "d8728477-da92-4dbb-b13b-3059712ce95e",
              "parentUUID": "094ee28d-e740-4b78-9dbb-cb260f5c15b1",
              "isHook": false,
              "skipped": true
            },
            {
              "title": "demonstrates Slider functionality",
              "fullTitle": "Component Showcase demonstrates Slider functionality",
              "timedOut": null,
              "duration": 0,
              "state": "skipped",
              "speed": null,
              "pass": false,
              "fail": false,
              "pending": false,
              "context": null,
              "code": "cy.get('[data-cy=\"slider-track\"]').click(\"right\");\ncy.get('[data-cy=\"slider-value\"]').should(\"not.contain\", \"0\");\ncy.get('[data-cy=\"slider-track\"]').focus();\ncy.get('[data-cy=\"slider-track\"]').type(\"{rightarrow}\");\ncy.get('[data-cy=\"slider-value\"]').should(\"not.contain\", \"0\");",
              "err": {},
              "uuid": "1003193b-9a0f-464b-992b-e28079413222",
              "parentUUID": "094ee28d-e740-4b78-9dbb-cb260f5c15b1",
              "isHook": false,
              "skipped": true
            },
            {
              "title": "demonstrates Rating functionality",
              "fullTitle": "Component Showcase demonstrates Rating functionality",
              "timedOut": null,
              "duration": 0,
              "state": "skipped",
              "speed": null,
              "pass": false,
              "fail": false,
              "pending": false,
              "context": null,
              "code": "cy.get('[data-cy=\"rating-star-3\"]').click();\ncy.get('[data-cy=\"rating-value\"]').should(\"contain\", \"4/5\");\ncy.get('[data-cy=\"rating-star-2\"]').trigger(\"mouseenter\");\ncy.get('[data-cy=\"rating-value\"]').should(\"contain\", \"3/5\");",
              "err": {},
              "uuid": "93e0a9d3-fa16-4b73-96b0-21ba7f733b92",
              "parentUUID": "094ee28d-e740-4b78-9dbb-cb260f5c15b1",
              "isHook": false,
              "skipped": true
            },
            {
              "title": "demonstrates component integration",
              "fullTitle": "Component Showcase demonstrates component integration",
              "timedOut": null,
              "duration": 0,
              "state": "skipped",
              "speed": null,
              "pass": false,
              "fail": false,
              "pending": false,
              "context": null,
              "code": "cy.get('[data-cy=\"table-row\"]').first().click();\ncy.get('[data-cy=\"open-modal\"]').click();\ncy.get('[data-cy=\"modal-content\"]').should(\"be.visible\");\ncy.get('[data-cy=\"show-success\"]').click();\ncy.get('[data-cy=\"toast\"]').should(\"be.visible\");\ncy.get('[data-cy=\"modal-close\"]').click();\ncy.get('[data-cy=\"modal-backdrop\"]').should(\"not.exist\");",
              "err": {},
              "uuid": "f599513e-023e-47b9-bab5-3ebd7ba16fb9",
              "parentUUID": "094ee28d-e740-4b78-9dbb-cb260f5c15b1",
              "isHook": false,
              "skipped": true
            },
            {
              "title": "demonstrates accessibility features",
              "fullTitle": "Component Showcase demonstrates accessibility features",
              "timedOut": null,
              "duration": 0,
              "state": "skipped",
              "speed": null,
              "pass": false,
              "fail": false,
              "pending": false,
              "context": null,
              "code": "cy.get('[data-cy=\"tab-tab1\"]').focus();\ncy.get('[data-cy=\"tab-tab1\"]').type(\"{rightarrow}\");\ncy.get('[data-cy=\"tab-tab2\"]').should(\"be.focused\");\ncy.get('[data-cy=\"tab-tab1\"]').should(\"have.attr\", \"aria-selected\", \"true\");\ncy.get('[data-cy=\"modal-backdrop\"]').should(\"have.attr\", \"aria-modal\", \"true\");\ncy.get('[data-cy=\"slider-track\"]').should(\"have.attr\", \"role\", \"slider\");\ncy.get('[data-cy=\"slider-track\"]').should(\"have.attr\", \"aria-valuemin\");",
              "err": {},
              "uuid": "955e62bc-4ad4-46b2-a076-2a5e8e44436d",
              "parentUUID": "094ee28d-e740-4b78-9dbb-cb260f5c15b1",
              "isHook": false,
              "skipped": true
            },
            {
              "title": "demonstrates responsive behavior",
              "fullTitle": "Component Showcase demonstrates responsive behavior",
              "timedOut": null,
              "duration": 0,
              "state": "skipped",
              "speed": null,
              "pass": false,
              "fail": false,
              "pending": false,
              "context": null,
              "code": "cy.viewport(375, 667);\ncy.get('[data-cy=\"data-table\"]').should(\"be.visible\");\ncy.get('[data-cy=\"tabs\"]').should(\"be.visible\");\ncy.viewport(768, 1024);\ncy.get('[data-cy=\"multi-step-form\"]').should(\"be.visible\");\ncy.viewport(1920, 1080);\ncy.get('[data-cy=\"file-upload\"]').should(\"be.visible\");",
              "err": {},
              "uuid": "07737e76-756f-4b17-8cc1-aea2f436b3be",
              "parentUUID": "094ee28d-e740-4b78-9dbb-cb260f5c15b1",
              "isHook": false,
              "skipped": true
            },
            {
              "title": "demonstrates error handling",
              "fullTitle": "Component Showcase demonstrates error handling",
              "timedOut": null,
              "duration": 0,
              "state": "skipped",
              "speed": null,
              "pass": false,
              "fail": false,
              "pending": false,
              "context": null,
              "code": "cy.get('[data-cy=\"file-input\"]').selectFile(\"cypress/fixtures/large-file.json\");\ncy.get('[data-cy=\"toast\"]').should(\"contain\", \"too large\");\ncy.get('[data-cy=\"step1-next\"]').click();\ncy.get('[data-cy=\"step-error\"]').should(\"contain\", \"Please complete all required fields\");",
              "err": {},
              "uuid": "fa14affb-e62a-4daf-a338-d355eadc3ef0",
              "parentUUID": "094ee28d-e740-4b78-9dbb-cb260f5c15b1",
              "isHook": false,
              "skipped": true
            },
            {
              "title": "demonstrates performance under load",
              "fullTitle": "Component Showcase demonstrates performance under load",
              "timedOut": null,
              "duration": 0,
              "state": "skipped",
              "speed": null,
              "pass": false,
              "fail": false,
              "pending": false,
              "context": null,
              "code": "cy.get('[data-cy=\"data-table\"]').should(\"be.visible\");\ncy.get('[data-cy=\"table-row\"]').should(\"have.length.at.least\", 1);\nfor (let i = 0; i < 5; i++) {\n  cy.get('[data-cy=\"show-info\"]').click();\n}\ncy.get('[data-cy=\"toast\"]').should(\"have.length\", 5);",
              "err": {},
              "uuid": "896b5a7e-b4f3-4cea-b55d-5c8038f2754d",
              "parentUUID": "094ee28d-e740-4b78-9dbb-cb260f5c15b1",
              "isHook": false,
              "skipped": true
            }
          ],
          "suites": [],
          "passes": [],
          "failures": [
            "81c6ff79-dc72-4f4c-92f6-eac7c1c14983"
          ],
          "pending": [],
          "skipped": [
            "25db10b6-dc4d-4b93-8320-dfb7cb9ec43f",
            "e398a010-8694-4416-a1c4-c049476dd4cb",
            "91f7c8a2-ac28-455e-a8f3-09914de4c3d9",
            "2ef3c07b-1083-4381-b128-fcb9f5b7b011",
            "d8728477-da92-4dbb-b13b-3059712ce95e",
            "1003193b-9a0f-464b-992b-e28079413222",
            "93e0a9d3-fa16-4b73-96b0-21ba7f733b92",
            "f599513e-023e-47b9-bab5-3ebd7ba16fb9",
            "955e62bc-4ad4-46b2-a076-2a5e8e44436d",
            "07737e76-756f-4b17-8cc1-aea2f436b3be",
            "fa14affb-e62a-4daf-a338-d355eadc3ef0",
            "896b5a7e-b4f3-4cea-b55d-5c8038f2754d"
          ],
          "duration": 476,
          "root": false,
          "rootEmpty": false,
          "_timeout": 2000
        }
      ],
      "passes": [],
      "failures": [],
      "pending": [],
      "skipped": [],
      "duration": 0,
      "root": true,
      "rootEmpty": true,
      "_timeout": 2000
    }
  ],
  "meta": {
    "mocha": {
      "version": "7.2.0"
    },
    "mochawesome": {
      "options": {
        "quiet": false,
        "reportFilename": "mochawesome",
        "saveHtml": false,
        "saveJson": true,
        "consoleReporter": "spec",
        "useInlineDiffs": false,
        "code": true
      },
      "version": "7.1.3"
    },
    "marge": {
      "options": {
        "reportDir": "cypress/results",
        "overwrite": false,
        "html": false,
        "json": true
      },
      "version": "6.2.0"
    }
  }
}