{
  "stats": {
    "suites": 1,
    "tests": 1,
    "passes": 0,
    "pending": 0,
    "failures": 1,
    "start": "2025-08-14T15:11:27.896Z",
    "end": "2025-08-14T15:11:28.389Z",
    "duration": 493,
    "testsRegistered": 13,
    "passPercent": 0,
    "pendingPercent": 0,
    "other": 0,
    "hasOther": false,
    "skipped": 12,
    "hasSkipped": true
  },
  "results": [
    {
      "uuid": "5e8078c6-2ecf-4fb5-a055-6010fac2be7f",
      "title": "",
      "fullFile": "cypress\\e2e\\component-showcase.cy.ts",
      "file": "cypress\\e2e\\component-showcase.cy.ts",
      "beforeHooks": [],
      "afterHooks": [],
      "tests": [],
      "suites": [
        {
          "uuid": "84422cc9-3461-445a-a864-02366be37b09",
          "title": "Component Showcase",
          "fullFile": "",
          "file": "",
          "beforeHooks": [],
          "afterHooks": [],
          "tests": [
            {
              "title": "demonstrates DataTable functionality",
              "fullTitle": "Component Showcase demonstrates DataTable functionality",
              "timedOut": null,
              "duration": 401,
              "state": "failed",
              "speed": null,
              "pass": false,
              "fail": true,
              "pending": false,
              "context": null,
              "code": "cy.get('[data-cy=\"sort-name\"]').click();\ncy.get('[data-cy=\"cell-name\"]').first().should(\"contain\", \"Alice Brown\");\ncy.get('[data-cy=\"filter-role\"]').type(\"Admin\");\ncy.get('[data-cy=\"table-row\"]').should(\"have.length\", 2);\ncy.get('[data-cy=\"next-page\"]').click();\ncy.get('[data-cy=\"page-info\"]').should(\"contain\", \"Page 2 of 2\");",
              "err": {
                "message": "CypressError: `cy.visit()` failed trying to load:\n\n/\n\nWe failed looking for this file at the path:\n\n/Users/Jorda/Documents/QA-Toolkit/\n\nThe internal Cypress web server responded with:\n\n  > 404: Not Found\n\nBecause this error occurred during a `before each` hook we are skipping the remaining tests in the current suite: `Component Showcase`",
                "estack": "CypressError: `cy.visit()` failed trying to load:\n\n/\n\nWe failed looking for this file at the path:\n\n/Users/Jorda/Documents/QA-Toolkit/\n\nThe internal Cypress web server responded with:\n\n  > 404: Not Found\n\nBecause this error occurred during a `before each` hook we are skipping the remaining tests in the current suite: `Component Showcase`\n    at <unknown> (http://localhost:50794/__cypress/runner/cypress_runner.js:135043:76)\n    at visitFailedByErr (http://localhost:50794/__cypress/runner/cypress_runner.js:134449:12)\n    at <unknown> (http://localhost:50794/__cypress/runner/cypress_runner.js:135026:13)\n    at tryCatcher (http://localhost:50794/__cypress/runner/cypress_runner.js:1777:23)\n    at Promise._settlePromiseFromHandler (http://localhost:50794/__cypress/runner/cypress_runner.js:1489:31)\n    at Promise._settlePromise (http://localhost:50794/__cypress/runner/cypress_runner.js:1546:18)\n    at Promise._settlePromise0 (http://localhost:50794/__cypress/runner/cypress_runner.js:1591:10)\n    at Promise._settlePromises (http://localhost:50794/__cypress/runner/cypress_runner.js:1667:18)\n    at _drainQueueStep (http://localhost:50794/__cypress/runner/cypress_runner.js:2377:12)\n    at _drainQueue (http://localhost:50794/__cypress/runner/cypress_runner.js:2370:9)\n    at Async._drainQueues (http://localhost:50794/__cypress/runner/cypress_runner.js:2386:5)\n    at Async.drainQueues (http://localhost:50794/__cypress/runner/cypress_runner.js:2256:14)\nFrom Your Spec Code:\n    at Context.eval (http://localhost:50794/__cypress/tests?p=cypress\\e2e\\component-showcase.cy.ts:6:10)",
                "diff": null
              },
              "uuid": "c00d6c6f-331c-4992-8ce7-deb2d38220ed",
              "parentUUID": "84422cc9-3461-445a-a864-02366be37b09",
              "isHook": false,
              "skipped": false
            },
            {
              "title": "demonstrates MultiStepForm workflow",
              "fullTitle": "Component Showcase demonstrates MultiStepForm workflow",
              "timedOut": null,
              "duration": 0,
              "state": "skipped",
              "speed": null,
              "pass": false,
              "fail": false,
              "pending": false,
              "context": null,
              "code": "cy.get('[data-cy=\"step1-input\"]').type(\"Personal Information\");\ncy.get('[data-cy=\"step1-next\"]').click();\ncy.get('[data-cy=\"step-title\"]').should(\"contain\", \"Step 2\");\ncy.get('[data-cy=\"step2-input\"]').type(\"Contact Details\");\ncy.get('[data-cy=\"step2-next\"]').click();\ncy.get('[data-cy=\"step-title\"]').should(\"contain\", \"Step 3\");\ncy.get('[data-cy=\"step3-input\"]').type(\"Final Step\");\ncy.get('[data-cy=\"next-button\"]').click();\ncy.get('[data-cy=\"multi-step-form\"]').should(\"not.exist\");",
              "err": {},
              "uuid": "4b5907b3-cd96-44d4-9fe2-b5806077f20c",
              "parentUUID": "84422cc9-3461-445a-a864-02366be37b09",
              "isHook": false,
              "skipped": true
            },
            {
              "title": "demonstrates FileUpload functionality",
              "fullTitle": "Component Showcase demonstrates FileUpload functionality",
              "timedOut": null,
              "duration": 0,
              "state": "skipped",
              "speed": null,
              "pass": false,
              "fail": false,
              "pending": false,
              "context": null,
              "code": "cy.get('[data-cy=\"file-input\"]').selectFile(\"cypress/fixtures/example.json\");\ncy.get('[data-cy=\"file-item\"]').should(\"be.visible\");\ncy.get('[data-cy=\"file-name\"]').should(\"contain\", \"example.json\");\ncy.get('[data-cy=\"remove-file\"]').click();\ncy.get('[data-cy=\"file-item\"]').should(\"not.exist\");",
              "err": {},
              "uuid": "aae2570f-ec51-4003-8192-092f0b6210d5",
              "parentUUID": "84422cc9-3461-445a-a864-02366be37b09",
              "isHook": false,
              "skipped": true
            },
            {
              "title": "demonstrates Modal functionality",
              "fullTitle": "Component Showcase demonstrates Modal functionality",
              "timedOut": null,
              "duration": 0,
              "state": "skipped",
              "speed": null,
              "pass": false,
              "fail": false,
              "pending": false,
              "context": null,
              "code": "cy.get('[data-cy=\"open-modal\"]').click();\ncy.get('[data-cy=\"modal-backdrop\"]').should(\"be.visible\");\ncy.get('[data-cy=\"modal-content\"]').should(\"be.visible\");\ncy.get('[data-cy=\"modal-close\"]').click();\ncy.get('[data-cy=\"modal-backdrop\"]').should(\"not.exist\");",
              "err": {},
              "uuid": "15bf1b49-bcac-46d6-9242-6d46b914bda3",
              "parentUUID": "84422cc9-3461-445a-a864-02366be37b09",
              "isHook": false,
              "skipped": true
            },
            {
              "title": "demonstrates Tabs functionality",
              "fullTitle": "Component Showcase demonstrates Tabs functionality",
              "timedOut": null,
              "duration": 0,
              "state": "skipped",
              "speed": null,
              "pass": false,
              "fail": false,
              "pending": false,
              "context": null,
              "code": "cy.get('[data-cy=\"tab-tab2\"]').click();\ncy.get('[data-cy=\"tab-tab2\"]').should(\"have.attr\", \"aria-selected\", \"true\");\ncy.get('[data-cy=\"tab-panel\"]').should(\"contain\", \"Content for tab 2\");\ncy.get('[data-cy=\"tab-tab1\"]').focus();\ncy.get('[data-cy=\"tab-tab1\"]').type(\"{rightarrow}\");\ncy.get('[data-cy=\"tab-tab2\"]').should(\"be.focused\");",
              "err": {},
              "uuid": "7b9c079c-5a0f-4c28-a6e4-aa811df8b3d8",
              "parentUUID": "84422cc9-3461-445a-a864-02366be37b09",
              "isHook": false,
              "skipped": true
            },
            {
              "title": "demonstrates Toast notifications",
              "fullTitle": "Component Showcase demonstrates Toast notifications",
              "timedOut": null,
              "duration": 0,
              "state": "skipped",
              "speed": null,
              "pass": false,
              "fail": false,
              "pending": false,
              "context": null,
              "code": "cy.get('[data-cy=\"show-success\"]').click();\ncy.get('[data-cy=\"toast\"]').should(\"contain\", \"Success message\");\ncy.get('[data-cy=\"show-error\"]').click();\ncy.get('[data-cy=\"toast\"]').should(\"have.length\", 2);\ncy.get('[data-cy=\"toast-close\"]').first().click();\ncy.get('[data-cy=\"toast\"]').should(\"have.length\", 1);",
              "err": {},
              "uuid": "15ae18a6-6380-4281-9245-9c4631917726",
              "parentUUID": "84422cc9-3461-445a-a864-02366be37b09",
              "isHook": false,
              "skipped": true
            },
            {
              "title": "demonstrates Slider functionality",
              "fullTitle": "Component Showcase demonstrates Slider functionality",
              "timedOut": null,
              "duration": 0,
              "state": "skipped",
              "speed": null,
              "pass": false,
              "fail": false,
              "pending": false,
              "context": null,
              "code": "cy.get('[data-cy=\"slider-track\"]').click(\"right\");\ncy.get('[data-cy=\"slider-value\"]').should(\"not.contain\", \"0\");\ncy.get('[data-cy=\"slider-track\"]').focus();\ncy.get('[data-cy=\"slider-track\"]').type(\"{rightarrow}\");\ncy.get('[data-cy=\"slider-value\"]').should(\"not.contain\", \"0\");",
              "err": {},
              "uuid": "c4981962-0196-4db3-9266-bf251c0a204b",
              "parentUUID": "84422cc9-3461-445a-a864-02366be37b09",
              "isHook": false,
              "skipped": true
            },
            {
              "title": "demonstrates Rating functionality",
              "fullTitle": "Component Showcase demonstrates Rating functionality",
              "timedOut": null,
              "duration": 0,
              "state": "skipped",
              "speed": null,
              "pass": false,
              "fail": false,
              "pending": false,
              "context": null,
              "code": "cy.get('[data-cy=\"rating-star-3\"]').click();\ncy.get('[data-cy=\"rating-value\"]').should(\"contain\", \"4/5\");\ncy.get('[data-cy=\"rating-star-2\"]').trigger(\"mouseenter\");\ncy.get('[data-cy=\"rating-value\"]').should(\"contain\", \"3/5\");",
              "err": {},
              "uuid": "f3c545a4-434d-41cc-b02e-3e29f42ebdde",
              "parentUUID": "84422cc9-3461-445a-a864-02366be37b09",
              "isHook": false,
              "skipped": true
            },
            {
              "title": "demonstrates component integration",
              "fullTitle": "Component Showcase demonstrates component integration",
              "timedOut": null,
              "duration": 0,
              "state": "skipped",
              "speed": null,
              "pass": false,
              "fail": false,
              "pending": false,
              "context": null,
              "code": "cy.get('[data-cy=\"table-row\"]').first().click();\ncy.get('[data-cy=\"open-modal\"]').click();\ncy.get('[data-cy=\"modal-content\"]').should(\"be.visible\");\ncy.get('[data-cy=\"show-success\"]').click();\ncy.get('[data-cy=\"toast\"]').should(\"be.visible\");\ncy.get('[data-cy=\"modal-close\"]').click();\ncy.get('[data-cy=\"modal-backdrop\"]').should(\"not.exist\");",
              "err": {},
              "uuid": "44b1f0ea-59a6-44cd-8c8f-93a90ef8ef50",
              "parentUUID": "84422cc9-3461-445a-a864-02366be37b09",
              "isHook": false,
              "skipped": true
            },
            {
              "title": "demonstrates accessibility features",
              "fullTitle": "Component Showcase demonstrates accessibility features",
              "timedOut": null,
              "duration": 0,
              "state": "skipped",
              "speed": null,
              "pass": false,
              "fail": false,
              "pending": false,
              "context": null,
              "code": "cy.get('[data-cy=\"tab-tab1\"]').focus();\ncy.get('[data-cy=\"tab-tab1\"]').type(\"{rightarrow}\");\ncy.get('[data-cy=\"tab-tab2\"]').should(\"be.focused\");\ncy.get('[data-cy=\"tab-tab1\"]').should(\"have.attr\", \"aria-selected\", \"true\");\ncy.get('[data-cy=\"modal-backdrop\"]').should(\"have.attr\", \"aria-modal\", \"true\");\ncy.get('[data-cy=\"slider-track\"]').should(\"have.attr\", \"role\", \"slider\");\ncy.get('[data-cy=\"slider-track\"]').should(\"have.attr\", \"aria-valuemin\");",
              "err": {},
              "uuid": "0c880eb9-c79f-4073-bcd6-d1cf1e857f36",
              "parentUUID": "84422cc9-3461-445a-a864-02366be37b09",
              "isHook": false,
              "skipped": true
            },
            {
              "title": "demonstrates responsive behavior",
              "fullTitle": "Component Showcase demonstrates responsive behavior",
              "timedOut": null,
              "duration": 0,
              "state": "skipped",
              "speed": null,
              "pass": false,
              "fail": false,
              "pending": false,
              "context": null,
              "code": "cy.viewport(375, 667);\ncy.get('[data-cy=\"data-table\"]').should(\"be.visible\");\ncy.get('[data-cy=\"tabs\"]').should(\"be.visible\");\ncy.viewport(768, 1024);\ncy.get('[data-cy=\"multi-step-form\"]').should(\"be.visible\");\ncy.viewport(1920, 1080);\ncy.get('[data-cy=\"file-upload\"]').should(\"be.visible\");",
              "err": {},
              "uuid": "67e937e6-856e-4e57-bace-485e39fc9761",
              "parentUUID": "84422cc9-3461-445a-a864-02366be37b09",
              "isHook": false,
              "skipped": true
            },
            {
              "title": "demonstrates error handling",
              "fullTitle": "Component Showcase demonstrates error handling",
              "timedOut": null,
              "duration": 0,
              "state": "skipped",
              "speed": null,
              "pass": false,
              "fail": false,
              "pending": false,
              "context": null,
              "code": "cy.get('[data-cy=\"file-input\"]').selectFile(\"cypress/fixtures/large-file.json\");\ncy.get('[data-cy=\"toast\"]').should(\"contain\", \"too large\");\ncy.get('[data-cy=\"step1-next\"]').click();\ncy.get('[data-cy=\"step-error\"]').should(\"contain\", \"Please complete all required fields\");",
              "err": {},
              "uuid": "fa946362-9c10-49c2-922f-fef8c02d7424",
              "parentUUID": "84422cc9-3461-445a-a864-02366be37b09",
              "isHook": false,
              "skipped": true
            },
            {
              "title": "demonstrates performance under load",
              "fullTitle": "Component Showcase demonstrates performance under load",
              "timedOut": null,
              "duration": 0,
              "state": "skipped",
              "speed": null,
              "pass": false,
              "fail": false,
              "pending": false,
              "context": null,
              "code": "cy.get('[data-cy=\"data-table\"]').should(\"be.visible\");\ncy.get('[data-cy=\"table-row\"]').should(\"have.length.at.least\", 1);\nfor (let i = 0; i < 5; i++) {\n  cy.get('[data-cy=\"show-info\"]').click();\n}\ncy.get('[data-cy=\"toast\"]').should(\"have.length\", 5);",
              "err": {},
              "uuid": "e92f83a5-f968-4492-9df4-54f3563f2033",
              "parentUUID": "84422cc9-3461-445a-a864-02366be37b09",
              "isHook": false,
              "skipped": true
            }
          ],
          "suites": [],
          "passes": [],
          "failures": [
            "c00d6c6f-331c-4992-8ce7-deb2d38220ed"
          ],
          "pending": [],
          "skipped": [
            "4b5907b3-cd96-44d4-9fe2-b5806077f20c",
            "aae2570f-ec51-4003-8192-092f0b6210d5",
            "15bf1b49-bcac-46d6-9242-6d46b914bda3",
            "7b9c079c-5a0f-4c28-a6e4-aa811df8b3d8",
            "15ae18a6-6380-4281-9245-9c4631917726",
            "c4981962-0196-4db3-9266-bf251c0a204b",
            "f3c545a4-434d-41cc-b02e-3e29f42ebdde",
            "44b1f0ea-59a6-44cd-8c8f-93a90ef8ef50",
            "0c880eb9-c79f-4073-bcd6-d1cf1e857f36",
            "67e937e6-856e-4e57-bace-485e39fc9761",
            "fa946362-9c10-49c2-922f-fef8c02d7424",
            "e92f83a5-f968-4492-9df4-54f3563f2033"
          ],
          "duration": 401,
          "root": false,
          "rootEmpty": false,
          "_timeout": 2000
        }
      ],
      "passes": [],
      "failures": [],
      "pending": [],
      "skipped": [],
      "duration": 0,
      "root": true,
      "rootEmpty": true,
      "_timeout": 2000
    }
  ],
  "meta": {
    "mocha": {
      "version": "7.2.0"
    },
    "mochawesome": {
      "options": {
        "quiet": false,
        "reportFilename": "mochawesome",
        "saveHtml": false,
        "saveJson": true,
        "consoleReporter": "spec",
        "useInlineDiffs": false,
        "code": true
      },
      "version": "7.1.3"
    },
    "marge": {
      "options": {
        "reportDir": "cypress/results",
        "overwrite": false,
        "html": false,
        "json": true
      },
      "version": "6.2.0"
    }
  }
}