{
  "stats": {
    "suites": 1,
    "tests": 3,
    "passes": 3,
    "pending": 0,
    "failures": 0,
    "start": "2025-08-14T10:45:46.706Z",
    "end": "2025-08-14T10:45:48.458Z",
    "duration": 1752,
    "testsRegistered": 3,
    "passPercent": 100,
    "pendingPercent": 0,
    "other": 0,
    "hasOther": false,
    "skipped": 0,
    "hasSkipped": false
  },
  "results": [
    {
      "uuid": "3e8ef67e-e113-4f81-9063-b48868250cbd",
      "title": "",
      "fullFile": "cypress\\e2e\\cypress.Playground.cy.ts",
      "file": "cypress\\e2e\\cypress.Playground.cy.ts",
      "beforeHooks": [],
      "afterHooks": [],
      "tests": [],
      "suites": [
        {
          "uuid": "24c64add-395b-4ce8-9d3d-61fbfbd1626a",
          "title": "Basic Cypress Interactions - Part 2",
          "fullFile": "",
          "file": "",
          "beforeHooks": [],
          "afterHooks": [],
          "tests": [
            {
              "title": "Find elements by .get()",
              "fullTitle": "Basic Cypress Interactions - Part 2 Find elements by .get()",
              "timedOut": null,
              "duration": 401,
              "state": "passed",
              "speed": "fast",
              "pass": true,
              "fail": false,
              "pending": false,
              "context": null,
              "code": "cy.visit(\"https://example.cypress.io/commands/querying\");\ncy.get(\"#query-btn\").should(\"exist\").should(\"contain\", \"Button\").click();",
              "err": {},
              "uuid": "efacacb8-4415-4a8d-a9d9-64cb02e1d2fe",
              "parentUUID": "24c64add-395b-4ce8-9d3d-61fbfbd1626a",
              "isHook": false,
              "skipped": false
            },
            {
              "title": "Find elements by .contains()",
              "fullTitle": "Basic Cypress Interactions - Part 2 Find elements by .contains()",
              "timedOut": null,
              "duration": 94,
              "state": "passed",
              "speed": "fast",
              "pass": true,
              "fail": false,
              "pending": false,
              "context": null,
              "code": "cy.visit(\"https://example.cypress.io/commands/querying\");\ncy.get(\".query-list\").contains(\"apples\").should(\"have.class\", \"first\");\ncy.get(\".query-list\").contains(\"oranges\").should(\"have.class\", \"second\");\ncy.get(\".query-list\").contains(\"bananas\").should(\"have.class\", \"third\");\ncy.get(\".query-list\").contains(\"more apples\").should(\"have.class\", \"fourth\");\ncy.get(\".query-button\").contains(\"Save Form\").should(\"have.class\", \"btn\");",
              "err": {},
              "uuid": "5e11efed-22dc-4fe5-9832-faaab0b6421e",
              "parentUUID": "24c64add-395b-4ce8-9d3d-61fbfbd1626a",
              "isHook": false,
              "skipped": false
            },
            {
              "title": "Find elements by .within()",
              "fullTitle": "Basic Cypress Interactions - Part 2 Find elements by .within()",
              "timedOut": null,
              "duration": 77,
              "state": "passed",
              "speed": "fast",
              "pass": true,
              "fail": false,
              "pending": false,
              "context": null,
              "code": "cy.visit(\"https://example.cypress.io/commands/querying\");\ncy.get(\".query-form\").within(() => {\n  cy.get(\"input:first\").should(\"have.attr\", \"placeholder\", \"Email\");\n  cy.get(\"input:last\").should(\"have.attr\", \"placeholder\", \"Password\");\n});",
              "err": {},
              "uuid": "46409348-8ff8-40bb-8edf-c17340396b0c",
              "parentUUID": "24c64add-395b-4ce8-9d3d-61fbfbd1626a",
              "isHook": false,
              "skipped": false
            }
          ],
          "suites": [],
          "passes": [
            "efacacb8-4415-4a8d-a9d9-64cb02e1d2fe",
            "5e11efed-22dc-4fe5-9832-faaab0b6421e",
            "46409348-8ff8-40bb-8edf-c17340396b0c"
          ],
          "failures": [],
          "pending": [],
          "skipped": [],
          "duration": 572,
          "root": false,
          "rootEmpty": false,
          "_timeout": 2000
        }
      ],
      "passes": [],
      "failures": [],
      "pending": [],
      "skipped": [],
      "duration": 0,
      "root": true,
      "rootEmpty": true,
      "_timeout": 2000
    }
  ],
  "meta": {
    "mocha": {
      "version": "7.2.0"
    },
    "mochawesome": {
      "options": {
        "quiet": false,
        "reportFilename": "mochawesome",
        "saveHtml": false,
        "saveJson": true,
        "consoleReporter": "spec",
        "useInlineDiffs": false,
        "code": true
      },
      "version": "7.1.3"
    },
    "marge": {
      "options": {
        "reportDir": "cypress/results",
        "overwrite": false,
        "html": false,
        "json": true
      },
      "version": "6.2.0"
    }
  }
}