{
  "stats": {
    "suites": 1,
    "tests": 1,
    "passes": 0,
    "pending": 0,
    "failures": 1,
    "start": "2025-08-14T10:45:45.033Z",
    "end": "2025-08-14T10:45:45.153Z",
    "duration": 120,
    "testsRegistered": 13,
    "passPercent": 0,
    "pendingPercent": 0,
    "other": 0,
    "hasOther": false,
    "skipped": 12,
    "hasSkipped": true
  },
  "results": [
    {
      "uuid": "d441d869-8a31-4b30-86bc-bcf0c797ecd0",
      "title": "",
      "fullFile": "cypress\\e2e\\component-showcase.cy.ts",
      "file": "cypress\\e2e\\component-showcase.cy.ts",
      "beforeHooks": [],
      "afterHooks": [],
      "tests": [],
      "suites": [
        {
          "uuid": "7a861d28-6686-473f-8231-b54ddadcd12a",
          "title": "Component Showcase",
          "fullFile": "",
          "file": "",
          "beforeHooks": [],
          "afterHooks": [],
          "tests": [
            {
              "title": "demonstrates DataTable functionality",
              "fullTitle": "Component Showcase demonstrates DataTable functionality",
              "timedOut": null,
              "duration": 99,
              "state": "failed",
              "speed": null,
              "pass": false,
              "fail": true,
              "pending": false,
              "context": null,
              "code": "cy.get('[data-cy=\"sort-name\"]').click();\ncy.get('[data-cy=\"cell-name\"]').first().should(\"contain\", \"Alice Brown\");\ncy.get('[data-cy=\"filter-role\"]').type(\"Admin\");\ncy.get('[data-cy=\"table-row\"]').should(\"have.length\", 2);\ncy.get('[data-cy=\"next-page\"]').click();\ncy.get('[data-cy=\"page-info\"]').should(\"contain\", \"Page 2 of 2\");",
              "err": {
                "message": "CypressError: `cy.visit()` failed trying to load:\n\n/\n\nWe failed looking for this file at the path:\n\n/QA-Toolkit/\n\nThe internal Cypress web server responded with:\n\n  > 404: Not Found\n\nBecause this error occurred during a `before each` hook we are skipping the remaining tests in the current suite: `Component Showcase`",
                "estack": "CypressError: `cy.visit()` failed trying to load:\n\n/\n\nWe failed looking for this file at the path:\n\n/QA-Toolkit/\n\nThe internal Cypress web server responded with:\n\n  > 404: Not Found\n\nBecause this error occurred during a `before each` hook we are skipping the remaining tests in the current suite: `Component Showcase`\n    at <unknown> (http://localhost:64066/__cypress/runner/cypress_runner.js:135043:76)\n    at visitFailedByErr (http://localhost:64066/__cypress/runner/cypress_runner.js:134449:12)\n    at <unknown> (http://localhost:64066/__cypress/runner/cypress_runner.js:135026:13)\n    at tryCatcher (http://localhost:64066/__cypress/runner/cypress_runner.js:1777:23)\n    at Promise._settlePromiseFromHandler (http://localhost:64066/__cypress/runner/cypress_runner.js:1489:31)\n    at Promise._settlePromise (http://localhost:64066/__cypress/runner/cypress_runner.js:1546:18)\n    at Promise._settlePromise0 (http://localhost:64066/__cypress/runner/cypress_runner.js:1591:10)\n    at Promise._settlePromises (http://localhost:64066/__cypress/runner/cypress_runner.js:1667:18)\n    at _drainQueueStep (http://localhost:64066/__cypress/runner/cypress_runner.js:2377:12)\n    at _drainQueue (http://localhost:64066/__cypress/runner/cypress_runner.js:2370:9)\n    at Async._drainQueues (http://localhost:64066/__cypress/runner/cypress_runner.js:2386:5)\n    at Async.drainQueues (http://localhost:64066/__cypress/runner/cypress_runner.js:2256:14)\nFrom Your Spec Code:\n    at Context.eval (http://localhost:64066/__cypress/tests?p=cypress\\e2e\\component-showcase.cy.ts:6:10)",
                "diff": null
              },
              "uuid": "ddbde810-ae1c-4276-b033-943d1f7d6737",
              "parentUUID": "7a861d28-6686-473f-8231-b54ddadcd12a",
              "isHook": false,
              "skipped": false
            },
            {
              "title": "demonstrates MultiStepForm workflow",
              "fullTitle": "Component Showcase demonstrates MultiStepForm workflow",
              "timedOut": null,
              "duration": 0,
              "state": "skipped",
              "speed": null,
              "pass": false,
              "fail": false,
              "pending": false,
              "context": null,
              "code": "cy.get('[data-cy=\"step1-input\"]').type(\"Personal Information\");\ncy.get('[data-cy=\"step1-next\"]').click();\ncy.get('[data-cy=\"step-title\"]').should(\"contain\", \"Step 2\");\ncy.get('[data-cy=\"step2-input\"]').type(\"Contact Details\");\ncy.get('[data-cy=\"step2-next\"]').click();\ncy.get('[data-cy=\"step-title\"]').should(\"contain\", \"Step 3\");\ncy.get('[data-cy=\"step3-input\"]').type(\"Final Step\");\ncy.get('[data-cy=\"next-button\"]').click();\ncy.get('[data-cy=\"multi-step-form\"]').should(\"not.exist\");",
              "err": {},
              "uuid": "01a2828c-a1d0-4983-a5b8-770e61d1fdc9",
              "parentUUID": "7a861d28-6686-473f-8231-b54ddadcd12a",
              "isHook": false,
              "skipped": true
            },
            {
              "title": "demonstrates FileUpload functionality",
              "fullTitle": "Component Showcase demonstrates FileUpload functionality",
              "timedOut": null,
              "duration": 0,
              "state": "skipped",
              "speed": null,
              "pass": false,
              "fail": false,
              "pending": false,
              "context": null,
              "code": "cy.get('[data-cy=\"file-input\"]').selectFile(\"cypress/fixtures/example.json\");\ncy.get('[data-cy=\"file-item\"]').should(\"be.visible\");\ncy.get('[data-cy=\"file-name\"]').should(\"contain\", \"example.json\");\ncy.get('[data-cy=\"remove-file\"]').click();\ncy.get('[data-cy=\"file-item\"]').should(\"not.exist\");",
              "err": {},
              "uuid": "eefc6f0c-1f34-4266-b56f-f6dce5b0ec51",
              "parentUUID": "7a861d28-6686-473f-8231-b54ddadcd12a",
              "isHook": false,
              "skipped": true
            },
            {
              "title": "demonstrates Modal functionality",
              "fullTitle": "Component Showcase demonstrates Modal functionality",
              "timedOut": null,
              "duration": 0,
              "state": "skipped",
              "speed": null,
              "pass": false,
              "fail": false,
              "pending": false,
              "context": null,
              "code": "cy.get('[data-cy=\"open-modal\"]').click();\ncy.get('[data-cy=\"modal-backdrop\"]').should(\"be.visible\");\ncy.get('[data-cy=\"modal-content\"]').should(\"be.visible\");\ncy.get('[data-cy=\"modal-close\"]').click();\ncy.get('[data-cy=\"modal-backdrop\"]').should(\"not.exist\");",
              "err": {},
              "uuid": "452e97ca-f1a4-4727-8073-43abe9fbeb8c",
              "parentUUID": "7a861d28-6686-473f-8231-b54ddadcd12a",
              "isHook": false,
              "skipped": true
            },
            {
              "title": "demonstrates Tabs functionality",
              "fullTitle": "Component Showcase demonstrates Tabs functionality",
              "timedOut": null,
              "duration": 0,
              "state": "skipped",
              "speed": null,
              "pass": false,
              "fail": false,
              "pending": false,
              "context": null,
              "code": "cy.get('[data-cy=\"tab-tab2\"]').click();\ncy.get('[data-cy=\"tab-tab2\"]').should(\"have.attr\", \"aria-selected\", \"true\");\ncy.get('[data-cy=\"tab-panel\"]').should(\"contain\", \"Content for tab 2\");\ncy.get('[data-cy=\"tab-tab1\"]').focus();\ncy.get('[data-cy=\"tab-tab1\"]').type(\"{rightarrow}\");\ncy.get('[data-cy=\"tab-tab2\"]').should(\"be.focused\");",
              "err": {},
              "uuid": "f7a1e297-4e32-4a3a-b06e-c55c040c9a7d",
              "parentUUID": "7a861d28-6686-473f-8231-b54ddadcd12a",
              "isHook": false,
              "skipped": true
            },
            {
              "title": "demonstrates Toast notifications",
              "fullTitle": "Component Showcase demonstrates Toast notifications",
              "timedOut": null,
              "duration": 0,
              "state": "skipped",
              "speed": null,
              "pass": false,
              "fail": false,
              "pending": false,
              "context": null,
              "code": "cy.get('[data-cy=\"show-success\"]').click();\ncy.get('[data-cy=\"toast\"]').should(\"contain\", \"Success message\");\ncy.get('[data-cy=\"show-error\"]').click();\ncy.get('[data-cy=\"toast\"]').should(\"have.length\", 2);\ncy.get('[data-cy=\"toast-close\"]').first().click();\ncy.get('[data-cy=\"toast\"]').should(\"have.length\", 1);",
              "err": {},
              "uuid": "15733011-7315-430f-9f80-feeba4c44e59",
              "parentUUID": "7a861d28-6686-473f-8231-b54ddadcd12a",
              "isHook": false,
              "skipped": true
            },
            {
              "title": "demonstrates Slider functionality",
              "fullTitle": "Component Showcase demonstrates Slider functionality",
              "timedOut": null,
              "duration": 0,
              "state": "skipped",
              "speed": null,
              "pass": false,
              "fail": false,
              "pending": false,
              "context": null,
              "code": "cy.get('[data-cy=\"slider-track\"]').click({ position: \"right\" });\ncy.get('[data-cy=\"slider-value\"]').should(\"not.contain\", \"0\");\ncy.get('[data-cy=\"slider-track\"]').focus();\ncy.get('[data-cy=\"slider-track\"]').type(\"{rightarrow}\");\ncy.get('[data-cy=\"slider-value\"]').should(\"not.contain\", \"0\");",
              "err": {},
              "uuid": "b0d60778-b27e-460a-9c35-e4b34c587f3d",
              "parentUUID": "7a861d28-6686-473f-8231-b54ddadcd12a",
              "isHook": false,
              "skipped": true
            },
            {
              "title": "demonstrates Rating functionality",
              "fullTitle": "Component Showcase demonstrates Rating functionality",
              "timedOut": null,
              "duration": 0,
              "state": "skipped",
              "speed": null,
              "pass": false,
              "fail": false,
              "pending": false,
              "context": null,
              "code": "cy.get('[data-cy=\"rating-star-3\"]').click();\ncy.get('[data-cy=\"rating-value\"]').should(\"contain\", \"4/5\");\ncy.get('[data-cy=\"rating-star-2\"]').trigger(\"mouseenter\");\ncy.get('[data-cy=\"rating-value\"]').should(\"contain\", \"3/5\");",
              "err": {},
              "uuid": "b1f0dbcc-a52f-4355-bb54-3f4404492d26",
              "parentUUID": "7a861d28-6686-473f-8231-b54ddadcd12a",
              "isHook": false,
              "skipped": true
            },
            {
              "title": "demonstrates component integration",
              "fullTitle": "Component Showcase demonstrates component integration",
              "timedOut": null,
              "duration": 0,
              "state": "skipped",
              "speed": null,
              "pass": false,
              "fail": false,
              "pending": false,
              "context": null,
              "code": "cy.get('[data-cy=\"table-row\"]').first().click();\ncy.get('[data-cy=\"open-modal\"]').click();\ncy.get('[data-cy=\"modal-content\"]').should(\"be.visible\");\ncy.get('[data-cy=\"show-success\"]').click();\ncy.get('[data-cy=\"toast\"]').should(\"be.visible\");\ncy.get('[data-cy=\"modal-close\"]').click();\ncy.get('[data-cy=\"modal-backdrop\"]').should(\"not.exist\");",
              "err": {},
              "uuid": "ea16a276-df9c-472e-8cb6-56196e61d1d7",
              "parentUUID": "7a861d28-6686-473f-8231-b54ddadcd12a",
              "isHook": false,
              "skipped": true
            },
            {
              "title": "demonstrates accessibility features",
              "fullTitle": "Component Showcase demonstrates accessibility features",
              "timedOut": null,
              "duration": 0,
              "state": "skipped",
              "speed": null,
              "pass": false,
              "fail": false,
              "pending": false,
              "context": null,
              "code": "cy.get('[data-cy=\"tab-tab1\"]').focus();\ncy.get('[data-cy=\"tab-tab1\"]').type(\"{rightarrow}\");\ncy.get('[data-cy=\"tab-tab2\"]').should(\"be.focused\");\ncy.get('[data-cy=\"tab-tab1\"]').should(\"have.attr\", \"aria-selected\", \"true\");\ncy.get('[data-cy=\"modal-backdrop\"]').should(\"have.attr\", \"aria-modal\", \"true\");\ncy.get('[data-cy=\"slider-track\"]').should(\"have.attr\", \"role\", \"slider\");\ncy.get('[data-cy=\"slider-track\"]').should(\"have.attr\", \"aria-valuemin\");",
              "err": {},
              "uuid": "5c72e552-2263-4c55-8e39-803025b15ec2",
              "parentUUID": "7a861d28-6686-473f-8231-b54ddadcd12a",
              "isHook": false,
              "skipped": true
            },
            {
              "title": "demonstrates responsive behavior",
              "fullTitle": "Component Showcase demonstrates responsive behavior",
              "timedOut": null,
              "duration": 0,
              "state": "skipped",
              "speed": null,
              "pass": false,
              "fail": false,
              "pending": false,
              "context": null,
              "code": "cy.viewport(375, 667);\ncy.get('[data-cy=\"data-table\"]').should(\"be.visible\");\ncy.get('[data-cy=\"tabs\"]').should(\"be.visible\");\ncy.viewport(768, 1024);\ncy.get('[data-cy=\"multi-step-form\"]').should(\"be.visible\");\ncy.viewport(1920, 1080);\ncy.get('[data-cy=\"file-upload\"]').should(\"be.visible\");",
              "err": {},
              "uuid": "88b018e9-f1a9-4d54-b238-b197fa3497bc",
              "parentUUID": "7a861d28-6686-473f-8231-b54ddadcd12a",
              "isHook": false,
              "skipped": true
            },
            {
              "title": "demonstrates error handling",
              "fullTitle": "Component Showcase demonstrates error handling",
              "timedOut": null,
              "duration": 0,
              "state": "skipped",
              "speed": null,
              "pass": false,
              "fail": false,
              "pending": false,
              "context": null,
              "code": "cy.get('[data-cy=\"file-input\"]').selectFile(\"cypress/fixtures/large-file.json\");\ncy.get('[data-cy=\"toast\"]').should(\"contain\", \"too large\");\ncy.get('[data-cy=\"step1-next\"]').click();\ncy.get('[data-cy=\"step-error\"]').should(\"contain\", \"Please complete all required fields\");",
              "err": {},
              "uuid": "756bb27e-4d9b-4b32-877a-2bc08dc3d909",
              "parentUUID": "7a861d28-6686-473f-8231-b54ddadcd12a",
              "isHook": false,
              "skipped": true
            },
            {
              "title": "demonstrates performance under load",
              "fullTitle": "Component Showcase demonstrates performance under load",
              "timedOut": null,
              "duration": 0,
              "state": "skipped",
              "speed": null,
              "pass": false,
              "fail": false,
              "pending": false,
              "context": null,
              "code": "cy.get('[data-cy=\"data-table\"]').should(\"be.visible\");\ncy.get('[data-cy=\"table-row\"]').should(\"have.length.at.least\", 1);\nfor (let i = 0; i < 5; i++) {\n  cy.get('[data-cy=\"show-info\"]').click();\n}\ncy.get('[data-cy=\"toast\"]').should(\"have.length\", 5);",
              "err": {},
              "uuid": "24658f64-50a4-4201-8002-03e370920904",
              "parentUUID": "7a861d28-6686-473f-8231-b54ddadcd12a",
              "isHook": false,
              "skipped": true
            }
          ],
          "suites": [],
          "passes": [],
          "failures": [
            "ddbde810-ae1c-4276-b033-943d1f7d6737"
          ],
          "pending": [],
          "skipped": [
            "01a2828c-a1d0-4983-a5b8-770e61d1fdc9",
            "eefc6f0c-1f34-4266-b56f-f6dce5b0ec51",
            "452e97ca-f1a4-4727-8073-43abe9fbeb8c",
            "f7a1e297-4e32-4a3a-b06e-c55c040c9a7d",
            "15733011-7315-430f-9f80-feeba4c44e59",
            "b0d60778-b27e-460a-9c35-e4b34c587f3d",
            "b1f0dbcc-a52f-4355-bb54-3f4404492d26",
            "ea16a276-df9c-472e-8cb6-56196e61d1d7",
            "5c72e552-2263-4c55-8e39-803025b15ec2",
            "88b018e9-f1a9-4d54-b238-b197fa3497bc",
            "756bb27e-4d9b-4b32-877a-2bc08dc3d909",
            "24658f64-50a4-4201-8002-03e370920904"
          ],
          "duration": 99,
          "root": false,
          "rootEmpty": false,
          "_timeout": 2000
        }
      ],
      "passes": [],
      "failures": [],
      "pending": [],
      "skipped": [],
      "duration": 0,
      "root": true,
      "rootEmpty": true,
      "_timeout": 2000
    }
  ],
  "meta": {
    "mocha": {
      "version": "7.2.0"
    },
    "mochawesome": {
      "options": {
        "quiet": false,
        "reportFilename": "mochawesome",
        "saveHtml": false,
        "saveJson": true,
        "consoleReporter": "spec",
        "useInlineDiffs": false,
        "code": true
      },
      "version": "7.1.3"
    },
    "marge": {
      "options": {
        "reportDir": "cypress/results",
        "overwrite": false,
        "html": false,
        "json": true
      },
      "version": "6.2.0"
    }
  }
}